<?xml version="1.0" encoding="utf-8"?><testsuites name="pytest tests"><testsuite name="pytest" errors="0" failures="0" skipped="0" tests="11" time="23.725" timestamp="2026-09-03T12:02:22.350419+00:00" hostname="agent-env-294773b1-e186-48e4-8f1a-33058e8ab00a"><testcase classname="tests.test_ridepact_hardening.TestLifecycleAndGuards" name="test_start_and_complete_and_guards" time="3.218" /><testcase classname="tests.test_ridepact_hardening.TestBookingInfoMissing" name="test_book_with_missing_info_sets_flags" time="1.448" /><testcase classname="tests.test_ridepact_hardening.TestBookerLeavesAndAssign" name="test_booker_leave_then_admin_assign" time="2.113" /><testcase classname="tests.test_ridepact_hardening.TestLeaveAfterBook" name="test_leave_after_book_sets_rematch" time="2.223" /><testcase classname="tests.test_ridepact_hardening.TestCabCancelledAndStaleFare" name="test_cab_cancel_reopens_and_fare_stale_on_rejoin" time="2.786" /><testcase classname="tests.test_ridepact_hardening.TestFareChangedPreservesConfirmed" name="test_re_enter_fare_preserves_paymentConfirmed" time="2.096" /><testcase classname="tests.test_ridepact_hardening.TestDisputeAndResolve" name="test_payment_dispute_flow" time="2.342" /><testcase classname="tests.test_ridepact_hardening.TestDisputeAndResolve" name="test_fare_dispute_flow" time="2.260" /><testcase classname="tests.test_ridepact_hardening.TestRemoveRiderAndDelay" name="test_remove_rider_and_delay" time="2.576" /><testcase classname="tests.test_ridepact_hardening.TestMatchingEdges" name="test_no_match_different_airport" time="0.723" /><testcase classname="tests.test_ridepact_hardening.TestMatchingEdges" name="test_all_riders_leave_auto_cancels" time="1.886" /></testsuite></testsuites>