<?xml version="1.0" encoding="utf-8"?><testsuites name="pytest tests"><testsuite name="pytest" errors="0" failures="0" skipped="0" tests="14" time="3.648" timestamp="2026-09-04T07:46:10.227326+00:00" hostname="agent-env-294773b1-e186-48e4-8f1a-33058e8ab00a"><testcase classname="tests.test_ridepact_phase5_new_fields.TestAuth" name="test_login_success" time="0.288" /><testcase classname="tests.test_ridepact_phase5_new_fields.TestCreateRideNewFields" name="test_ride_persists_flexible_timing_and_terminal" time="0.429" /><testcase classname="tests.test_ridepact_phase5_new_fields.TestCreateRideCustomDestination" name="test_custom_destination_private_group_no_auto_calc" time="0.283" /><testcase classname="tests.test_ridepact_phase5_new_fields.TestCreateRideAirportAutoCalc" name="test_airport_private_group_auto_calc" time="0.196" /><testcase classname="tests.test_ridepact_phase5_new_fields.TestBrowseFilters" name="test_filter_direction" time="1.015" /><testcase classname="tests.test_ridepact_phase5_new_fields.TestBrowseFilters" name="test_filter_date" time="0.141" /><testcase classname="tests.test_ridepact_phase5_new_fields.TestBrowseFilters" name="test_filter_time_window_morning" time="0.127" /><testcase classname="tests.test_ridepact_phase5_new_fields.TestBrowseFilters" name="test_filter_time_window_evening" time="0.122" /><testcase classname="tests.test_ridepact_phase5_new_fields.TestBrowseFilters" name="test_filter_afternoon_window_ok" time="0.152" /><testcase classname="tests.test_ridepact_phase5_new_fields.TestBrowseFilters" name="test_filter_bag_range" time="0.152" /><testcase classname="tests.test_ridepact_phase5_new_fields.TestBrowseFilters" name="test_filter_bag_range_zero_matches" time="0.124" /><testcase classname="tests.test_ridepact_phase5_new_fields.TestBrowseFilters" name="test_pagination" time="0.124" /><testcase classname="tests.test_ridepact_phase5_new_fields.TestBrowseFilters" name="test_combined_filters" time="0.165" /><testcase classname="tests.test_ridepact_phase5_new_fields.TestSerializeGroupNewFields" name="test_group_detail_exposes_new_fields" time="0.273" /></testsuite></testsuites>