<?xml version="1.0" encoding="utf-8"?><testsuites name="pytest tests"><testsuite name="pytest" errors="0" failures="1" skipped="0" tests="20" time="7.803" timestamp="2026-09-03T11:15:10.967111+00:00" hostname="agent-env-294773b1-e186-48e4-8f1a-33058e8ab00a"><testcase classname="tests.test_ridepact_phase3.TestChatRest" name="test_history_empty_shape" time="1.183" /><testcase classname="tests.test_ridepact_phase3.TestChatRest" name="test_system_message_on_join" time="0.086" /><testcase classname="tests.test_ridepact_phase3.TestChatRest" name="test_post_message_persists" time="0.155" /><testcase classname="tests.test_ridepact_phase3.TestChatRest" name="test_non_member_403" time="0.388" /><testcase classname="tests.test_ridepact_phase3.TestSocketIO" name="test_socket_rejects_no_token" time="0.384" /><testcase classname="tests.test_ridepact_phase3.TestSocketIO" name="test_socket_realtime_message" time="1.619" /><testcase classname="tests.test_ridepact_phase3.TestNotifications" name="test_list_shape_and_types" time="0.084" /><testcase classname="tests.test_ridepact_phase3.TestNotifications" name="test_chat_and_join_notifications_created_for_a" time="0.082" /><testcase classname="tests.test_ridepact_phase3.TestNotifications" name="test_b_sends_and_a_gets_chat_notification" time="1.189" /><testcase classname="tests.test_ridepact_phase3.TestNotifications" name="test_unread_count_and_mark_all" time="0.250" /><testcase classname="tests.test_ridepact_phase3.TestNotifications" name="test_mark_single_read" time="0.928" /><testcase classname="tests.test_ridepact_phase3.TestRatings" name="test_pending_ratings_shape" time="0.079" /><testcase classname="tests.test_ridepact_phase3.TestRatings" name="test_missing_groupId_returns_400" time="0.078" /><testcase classname="tests.test_ridepact_phase3.TestRatings" name="test_submit_rating_and_reliability_recompute" time="0.360" /><testcase classname="tests.test_ridepact_phase3.TestRatings" name="test_cannot_rate_self" time="0.074" /><testcase classname="tests.test_ridepact_phase3.TestRatings" name="test_invalid_stars" time="0.075" /><testcase classname="tests.test_ridepact_phase3.TestCalendar" name="test_list_pagination_and_demand" time="0.077" /><testcase classname="tests.test_ridepact_phase3.TestCalendar" name="test_student_cannot_create_event" time="0.082" /><testcase classname="tests.test_ridepact_phase3.TestCalendar" name="test_student_cannot_delete_event" time="0.078" /><testcase classname="tests.test_ridepact_phase3.TestCalendar" name="test_admin_crud_and_soft_delete" time="0.317"><failure message="AssertionError: {&quot;error&quot;:&quot;TravelEvent validation failed: type: `break` is not a valid enum value for path `type`.&quot;}&#10;assert 400 == 201&#10; +  where 400 = &lt;Response [400]&gt;.status_code">tests/test_ridepact_phase3.py:391: in test_admin_crud_and_soft_delete
    assert c.status_code == 201, c.text
E   AssertionError: {"error":"TravelEvent validation failed: type: `break` is not a valid enum value for path `type`."}
E   assert 400 == 201
E    +  where 400 = &lt;Response [400]&gt;.status_code</failure></testcase></testsuite></testsuites>