<?xml version="1.0" encoding="utf-8"?><testsuites name="pytest tests"><testsuite name="pytest" errors="0" failures="2" skipped="0" tests="65" time="7.382" timestamp="2026-09-03T11:39:13.935456+00:00" hostname="agent-env-294773b1-e186-48e4-8f1a-33058e8ab00a"><testcase classname="tests.test_ridepact_phase4_admin.TestAdminRBAC" name="test_student_gets_403[GET-/admin/dashboard]" time="0.451" /><testcase classname="tests.test_ridepact_phase4_admin.TestAdminRBAC" name="test_student_gets_403[GET-/admin/users]" time="0.086" /><testcase classname="tests.test_ridepact_phase4_admin.TestAdminRBAC" name="test_student_gets_403[GET-/admin/trips]" time="0.073" /><testcase classname="tests.test_ridepact_phase4_admin.TestAdminRBAC" name="test_student_gets_403[GET-/admin/groups]" time="0.106" /><testcase classname="tests.test_ridepact_phase4_admin.TestAdminRBAC" name="test_student_gets_403[GET-/admin/events]" time="0.080" /><testcase classname="tests.test_ridepact_phase4_admin.TestAdminRBAC" name="test_student_gets_403[GET-/admin/schools]" time="0.084" /><testcase classname="tests.test_ridepact_phase4_admin.TestAdminRBAC" name="test_student_gets_403[GET-/admin/destinations]" time="0.070" /><testcase classname="tests.test_ridepact_phase4_admin.TestAdminRBAC" name="test_student_gets_403[GET-/admin/pickups]" time="0.087" /><testcase classname="tests.test_ridepact_phase4_admin.TestAdminRBAC" name="test_student_gets_403[GET-/admin/events/calendar]" time="0.070" /><testcase classname="tests.test_ridepact_phase4_admin.TestAdminRBAC" name="test_student_gets_403[GET-/admin/notifications/history]" time="0.083" /><testcase classname="tests.test_ridepact_phase4_admin.TestAdminRBAC" name="test_student_gets_403[GET-/admin/settings]" time="0.084" /><testcase classname="tests.test_ridepact_phase4_admin.TestAdminRBAC" name="test_student_gets_403[GET-/admin/resolutions]" time="0.086" /><testcase classname="tests.test_ridepact_phase4_admin.TestAdminRBAC" name="test_student_gets_403[GET-/admin/stats]" time="0.073" /><testcase classname="tests.test_ridepact_phase4_admin.TestAdminRBAC" name="test_admin_gets_200[GET-/admin/dashboard]" time="0.238" /><testcase classname="tests.test_ridepact_phase4_admin.TestAdminRBAC" name="test_admin_gets_200[GET-/admin/users]" time="0.089" /><testcase classname="tests.test_ridepact_phase4_admin.TestAdminRBAC" name="test_admin_gets_200[GET-/admin/trips]" time="0.211" /><testcase classname="tests.test_ridepact_phase4_admin.TestAdminRBAC" name="test_admin_gets_200[GET-/admin/groups]" time="0.110" /><testcase classname="tests.test_ridepact_phase4_admin.TestAdminRBAC" name="test_admin_gets_200[GET-/admin/events]" time="0.089" /><testcase classname="tests.test_ridepact_phase4_admin.TestAdminRBAC" name="test_admin_gets_200[GET-/admin/schools]" time="0.084" /><testcase classname="tests.test_ridepact_phase4_admin.TestAdminRBAC" name="test_admin_gets_200[GET-/admin/destinations]" time="0.070" /><testcase classname="tests.test_ridepact_phase4_admin.TestAdminRBAC" name="test_admin_gets_200[GET-/admin/pickups]" time="0.085" /><testcase classname="tests.test_ridepact_phase4_admin.TestAdminRBAC" name="test_admin_gets_200[GET-/admin/events/calendar]" time="0.080" /><testcase classname="tests.test_ridepact_phase4_admin.TestAdminRBAC" name="test_admin_gets_200[GET-/admin/notifications/history]" time="0.088" /><testcase classname="tests.test_ridepact_phase4_admin.TestAdminRBAC" name="test_admin_gets_200[GET-/admin/settings]" time="0.076" /><testcase classname="tests.test_ridepact_phase4_admin.TestAdminRBAC" name="test_admin_gets_200[GET-/admin/resolutions]" time="0.083" /><testcase classname="tests.test_ridepact_phase4_admin.TestAdminRBAC" name="test_admin_gets_200[GET-/admin/stats]" time="0.112" /><testcase classname="tests.test_ridepact_phase4_admin.TestAdminRBAC" name="test_missing_token_401" time="0.084" /><testcase classname="tests.test_ridepact_phase4_admin.TestDashboard" name="test_dashboard_shape_and_numeric" time="0.079" /><testcase classname="tests.test_ridepact_phase4_admin.TestUsers" name="test_list_shape_and_mapped_fields" time="0.097" /><testcase classname="tests.test_ridepact_phase4_admin.TestUsers" name="test_search_filter" time="0.086" /><testcase classname="tests.test_ridepact_phase4_admin.TestUsers" name="test_status_filter_active" time="0.102" /><testcase classname="tests.test_ridepact_phase4_admin.TestUsers" name="test_verification_filter_verified" time="0.088" /><testcase classname="tests.test_ridepact_phase4_admin.TestUsers" name="test_get_single_user" time="0.093" /><testcase classname="tests.test_ridepact_phase4_admin.TestUsers" name="test_get_user_invalid_id_400" time="0.079" /><testcase classname="tests.test_ridepact_phase4_admin.TestUsers" name="test_get_user_404" time="0.085" /><testcase classname="tests.test_ridepact_phase4_admin.TestUsers" name="test_user_rides_endpoint" time="0.080" /><testcase classname="tests.test_ridepact_phase4_admin.TestUsers" name="test_user_rides_invalid_id_400" time="0.092" /><testcase classname="tests.test_ridepact_phase4_admin.TestUsers" name="test_deactivate_then_reactivate_user" time="0.310" /><testcase classname="tests.test_ridepact_phase4_admin.TestUsers" name="test_patch_status_invalid_id_400" time="0.124" /><testcase classname="tests.test_ridepact_phase4_admin.TestTrips" name="test_list_shape" time="0.088" /><testcase classname="tests.test_ridepact_phase4_admin.TestTrips" name="test_get_trip_by_id" time="0.089" /><testcase classname="tests.test_ridepact_phase4_admin.TestTrips" name="test_trips_status_filter" time="0.086" /><testcase classname="tests.test_ridepact_phase4_admin.TestGroups" name="test_list_shape" time="0.123" /><testcase classname="tests.test_ridepact_phase4_admin.TestGroups" name="test_get_group_by_id" time="0.081" /><testcase classname="tests.test_ridepact_phase4_admin.TestGroups" name="test_get_group_invalid_returns_404_not_500" time="0.087" /><testcase classname="tests.test_ridepact_phase4_admin.TestEventLog" name="test_list" time="0.089" /><testcase classname="tests.test_ridepact_phase4_admin.TestSchools" name="test_list" time="0.091" /><testcase classname="tests.test_ridepact_phase4_admin.TestSchools" name="test_create_and_duplicate_409" time="0.162" /><testcase classname="tests.test_ridepact_phase4_admin.TestSchools" name="test_patch_school" time="0.074"><failure message="AssertionError: assert 'TEST_University_z5arc4' == 'TU2'&#10;  &#10;  - TU2&#10;  + TEST_University_z5arc4">backend/tests/test_ridepact_phase4_admin.py:310: in test_patch_school
    assert b["shortName"] == "TU2"
E   AssertionError: assert 'TEST_University_z5arc4' == 'TU2'
E     
E     - TU2
E     + TEST_University_z5arc4</failure></testcase><testcase classname="tests.test_ridepact_phase4_admin.TestSchools" name="test_patch_school_invalid_id_400" time="0.081" /><testcase classname="tests.test_ridepact_phase4_admin.TestDestinations" name="test_crud" time="0.244" /><testcase classname="tests.test_ridepact_phase4_admin.TestDestinations" name="test_patch_dest_invalid_id_400" time="0.081" /><testcase classname="tests.test_ridepact_phase4_admin.TestPickups" name="test_list_and_create_duplicate_409" time="0.232" /><testcase classname="tests.test_ridepact_phase4_admin.TestPickups" name="test_patch_pickup" time="0.083" /><testcase classname="tests.test_ridepact_phase4_admin.TestBreakCalendar" name="test_list_has_demand" time="0.078" /><testcase classname="tests.test_ridepact_phase4_admin.TestBreakCalendar" name="test_full_crud_and_soft_delete_and_notify" time="0.259"><failure message="AssertionError: assert False is True&#10; +  where False = &lt;built-in method get of dict object at 0xfc4c6cfee800&gt;('notification14dSent')&#10; +    where &lt;built-in method get of dict object at 0xfc4c6cfee800&gt; = {'id': '6a995c6868be01afafa185ae', 'event': 'TEST_Break_jz63fy', 'title': 'TEST_Break_jz63fy', 'description': 'updated', ...}.get&#10; +      where {'id': '6a995c6868be01afafa185ae', 'event': 'TEST_Break_jz63fy', 'title': 'TEST_Break_jz63fy', 'description': 'updated', ...} = json()&#10; +        where json = &lt;Response [200]&gt;.json">backend/tests/test_ridepact_phase4_admin.py:411: in test_full_crud_and_soft_delete_and_notify
    assert tn.json().get("notification14dSent") is True
E   AssertionError: assert False is True
E    +  where False = &lt;built-in method get of dict object at 0xfc4c6cfee800&gt;('notification14dSent')
E    +    where &lt;built-in method get of dict object at 0xfc4c6cfee800&gt; = {'id': '6a995c6868be01afafa185ae', 'event': 'TEST_Break_jz63fy', 'title': 'TEST_Break_jz63fy', 'description': 'updated', ...}.get
E    +      where {'id': '6a995c6868be01afafa185ae', 'event': 'TEST_Break_jz63fy', 'title': 'TEST_Break_jz63fy', 'description': 'updated', ...} = json()
E    +        where json = &lt;Response [200]&gt;.json</failure></testcase><testcase classname="tests.test_ridepact_phase4_admin.TestBreakCalendar" name="test_calendar_invalid_id_400" time="0.072" /><testcase classname="tests.test_ridepact_phase4_admin.TestBroadcastNotifications" name="test_broadcast_and_history" time="0.244" /><testcase classname="tests.test_ridepact_phase4_admin.TestBroadcastNotifications" name="test_broadcast_validation" time="0.071" /><testcase classname="tests.test_ridepact_phase4_admin.TestSettings" name="test_get_defaults_merged" time="0.083" /><testcase classname="tests.test_ridepact_phase4_admin.TestSettings" name="test_patch_persists_and_syncs" time="0.155" /><testcase classname="tests.test_ridepact_phase4_admin.TestSettings" name="test_reset" time="0.073" /><testcase classname="tests.test_ridepact_phase4_admin.TestResolutions" name="test_shape" time="0.092" /><testcase classname="tests.test_ridepact_phase4_admin.TestResolutions" name="test_resolve_invalid_id_400" time="0.078" /><testcase classname="tests.test_ridepact_phase4_admin.TestResolutions" name="test_assign_booker_invalid_id_400" time="0.084" /></testsuite></testsuites>