<?xml version="1.0" encoding="utf-8"?><testsuites name="pytest tests"><testsuite name="pytest" errors="0" failures="0" skipped="0" tests="21" time="4.166" timestamp="2026-09-03T10:41:04.303122+00:00" hostname="agent-env-294773b1-e186-48e4-8f1a-33058e8ab00a"><testcase classname="tests.test_ridepact_phase2.TestCreateRideAndMatch" name="test_create_public_ride_a" time="0.446" /><testcase classname="tests.test_ridepact_phase2.TestCreateRideAndMatch" name="test_a_creates_group_from_ride" time="0.065" /><testcase classname="tests.test_ridepact_phase2.TestCreateRideAndMatch" name="test_b_creates_matching_ride_and_finds_group" time="0.248" /><testcase classname="tests.test_ridepact_phase2.TestCreateRideAndMatch" name="test_b_no_match_when_different_airport" time="0.057" /><testcase classname="tests.test_ridepact_phase2.TestCreateRideAndMatch" name="test_no_match_wrong_direction" time="0.057" /><testcase classname="tests.test_ridepact_phase2.TestCreateRideAndMatch" name="test_no_match_different_date" time="0.058" /><testcase classname="tests.test_ridepact_phase2.TestPrivateMode" name="test_private_ride_returns_invite" time="0.067" /><testcase classname="tests.test_ridepact_phase2.TestGroupJoin" name="test_b_joins_group_a" time="0.084" /><testcase classname="tests.test_ridepact_phase2.TestGroupJoin" name="test_pickup_address_visible_to_booker_only" time="0.114" /><testcase classname="tests.test_ridepact_phase2.TestGroupJoin" name="test_browse_pagination_shape" time="0.060" /><testcase classname="tests.test_ridepact_phase2.TestFareSplit" name="test_enter_fare_as_booker" time="0.065" /><testcase classname="tests.test_ridepact_phase2.TestFareSplit" name="test_non_booker_cannot_enter_fare" time="0.055" /><testcase classname="tests.test_ridepact_phase2.TestFareSplit" name="test_reenter_fare_sets_changed_flag_preserves_confirms" time="0.127" /><testcase classname="tests.test_ridepact_phase2.TestFareSplit" name="test_booker_confirms_on_behalf" time="0.063" /><testcase classname="tests.test_ridepact_phase2.TestLifecycle" name="test_book_group_as_booker" time="0.062" /><testcase classname="tests.test_ridepact_phase2.TestLifecycle" name="test_non_booker_cannot_book" time="0.056" /><testcase classname="tests.test_ridepact_phase2.TestLifecycle" name="test_complete_group" time="0.064" /><testcase classname="tests.test_ridepact_phase2.TestLifecycle" name="test_history_shape_and_summary" time="0.078" /><testcase classname="tests.test_ridepact_phase2.TestRematchFlag" name="test_flight_time_change_sets_rematch" time="0.246" /><testcase classname="tests.test_ridepact_phase2.TestLeaveFlows" name="test_a_leaves_booker_flag" time="0.564" /><testcase classname="tests.test_ridepact_phase2.TestCapacity" name="test_full_group_returns_409" time="1.437" /></testsuite></testsuites>