<?xml version="1.0" encoding="utf-8"?><testsuites name="pytest tests"><testsuite name="pytest" errors="0" failures="1" skipped="0" tests="22" time="2.429" timestamp="2026-09-03T09:05:24.890886+00:00" hostname="agent-env-294773b1-e186-48e4-8f1a-33058e8ab00a"><testcase classname="tests.test_ridepact_backend.TestRegister" name="test_register_success_returns_devcode" time="0.385" /><testcase classname="tests.test_ridepact_backend.TestRegister" name="test_register_rejects_bad_domain" time="0.072" /><testcase classname="tests.test_ridepact_backend.TestLogin" name="test_login_verified_student" time="0.584" /><testcase classname="tests.test_ridepact_backend.TestRegister" name="test_register_rejects_duplicate" time="0.085" /><testcase classname="tests.test_ridepact_backend.TestRegister" name="test_register_rejects_weak_password" time="0.072" /><testcase classname="tests.test_ridepact_backend.TestLogin" name="test_login_wrong_password" time="0.150" /><testcase classname="tests.test_ridepact_backend.TestPublicLists" name="test_universities" time="0.117"><failure message="AssertionError: State University not in []&#10;assert False&#10; +  where False = any(&lt;generator object TestPublicLists.test_universities.&lt;locals&gt;.&lt;genexpr&gt; at 0xfeffd838bc60&gt;)">backend/tests/test_ridepact_backend.py:231: in test_universities
    assert any("State University" in (n or "") for n in names), f"State University not in {names}"
E   AssertionError: State University not in []
E   assert False
E    +  where False = any(&lt;generator object TestPublicLists.test_universities.&lt;locals&gt;.&lt;genexpr&gt; at 0xfeffd838bc60&gt;)</failure></testcase><testcase classname="tests.test_ridepact_backend.TestLogin" name="test_login_unverified_returns_403" time="0.359" /><testcase classname="tests.test_ridepact_backend.TestPublicLists" name="test_airports" time="0.130" /><testcase classname="tests.test_ridepact_backend.TestPublicLists" name="test_destinations" time="0.071" /><testcase classname="tests.test_ridepact_backend.TestPublicLists" name="test_calendar" time="0.094" /><testcase classname="tests.test_ridepact_backend.TestLogin" name="test_seeded_student_login" time="0.188" /><testcase classname="tests.test_ridepact_backend.TestAdminRole" name="test_student_cannot_access_admin_health" time="0.190" /><testcase classname="tests.test_ridepact_backend.TestAdminRole" name="test_admin_health_ok" time="0.294" /><testcase classname="tests.test_ridepact_backend.TestLogin" name="test_admin_login" time="0.176" /><testcase classname="tests.test_ridepact_backend.TestVerifyEmail" name="test_verify_wrong_code_returns_400" time="0.223" /><testcase classname="tests.test_ridepact_backend.TestAdminRole" name="test_admin_stats_ok" time="0.075" /><testcase classname="tests.test_ridepact_backend.TestHealth" name="test_health" time="0.067" /><testcase classname="tests.test_ridepact_backend.TestPasswordReset" name="test_forgot_and_reset_flow" time="0.363" /><testcase classname="tests.test_ridepact_backend.TestVerifyEmail" name="test_verify_success_returns_token" time="0.000" /><testcase classname="tests.test_ridepact_backend.TestMe" name="test_me_returns_user" time="0.073" /><testcase classname="tests.test_ridepact_backend.TestUserProfile" name="test_patch_users_me" time="0.076" /></testsuite></testsuites>